# JRE version: Java(TM) SE Runtime Environment (8.0_66-b02) (build 1.8.0_66-ea-b02)
# Java VM: Java HotSpot(TM) 64-Bit Server VM (25.66-b02 mixed mode windows-amd64 compressed oops)
Heap:
 PSYoungGen      total 71680K, used 40097K [0x00000000d5f80000, 0x00000000daa80000, 0x0000000100000000)
  eden space 66560K, 60% used [0x00000000d5f80000,0x00000000d86a8778,0x00000000da080000)
  from space 5120K, 0% used [0x00000000da080000,0x00000000da080000,0x00000000da580000)
  to   space 5120K, 0% used [0x00000000da580000,0x00000000da580000,0x00000000daa80000)
 ParOldGen       total 116224K, used 70338K [0x0000000081e00000, 0x0000000088f80000, 0x00000000d5f80000)
  object space 116224K, 60% used [0x0000000081e00000,0x00000000862b0a10,0x0000000088f80000)
 Metaspace       used 13724K, capacity 14334K, committed 14592K, reserved 1062912K
  class space    used 1779K, capacity 1941K, committed 2048K, reserved 1048576K
GC Heap History (10 events):
Event: 75.463 GC heap before
{Heap before GC invocations=4 (full 0):
 PSYoungGen      total 38400K, used 38243K [0x00000000d5f80000, 0x00000000daa80000, 0x0000000100000000)
  eden space 33280K, 99% used [0x00000000d5f80000,0x00000000d7fd9a00,0x00000000d8000000)
  from space 5120K, 99% used [0x00000000d8000000,0x00000000d84ff468,0x00000000d8500000)
  to   space 5120K, 0% used [0x00000000da580000,0x00000000da580000,0x00000000daa80000)
 ParOldGen       total 87552K, used 43118K [0x0000000081e00000, 0x0000000087380000, 0x00000000d5f80000)
  object space 87552K, 49% used [0x0000000081e00000,0x000000008481bb98,0x0000000087380000)
 Metaspace       used 13561K, capacity 14206K, committed 14336K, reserved 1060864K
  class space    used 1779K, capacity 1941K, committed 2048K, reserved 1048576K
Event: 75.486 GC heap after
Heap after GC invocations=4 (full 0):
 PSYoungGen      total 71680K, used 5109K [0x00000000d5f80000, 0x00000000daa80000, 0x0000000100000000)
  eden space 66560K, 0% used [0x00000000d5f80000,0x00000000d5f80000,0x00000000da080000)
  from space 5120K, 99% used [0x00000000da580000,0x00000000daa7d598,0x00000000daa80000)
  to   space 5120K, 0% used [0x00000000da080000,0x00000000da080000,0x00000000da580000)
 ParOldGen       total 87552K, used 75163K [0x0000000081e00000, 0x0000000087380000, 0x00000000d5f80000)
  object space 87552K, 85% used [0x0000000081e00000,0x0000000086766d78,0x0000000087380000)
 Metaspace       used 13561K, capacity 14206K, committed 14336K, reserved 1060864K
  class space    used 1779K, capacity 1941K, committed 2048K, reserved 1048576K
}
Event: 75.487 GC heap before
{Heap before GC invocations=5 (full 1):
 PSYoungGen      total 71680K, used 5109K [0x00000000d5f80000, 0x00000000daa80000, 0x0000000100000000)
  eden space 66560K, 0% used [0x00000000d5f80000,0x00000000d5f80000,0x00000000da080000)
  from space 5120K, 99% used [0x00000000da580000,0x00000000daa7d598,0x00000000daa80000)
  to   space 5120K, 0% used [0x00000000da080000,0x00000000da080000,0x00000000da580000)
 ParOldGen       total 87552K, used 75163K [0x0000000081e00000, 0x0000000087380000, 0x00000000d5f80000)
  object space 87552K, 85% used [0x0000000081e00000,0x0000000086766d78,0x0000000087380000)
 Metaspace       used 13561K, capacity 14206K, committed 14336K, reserved 1060864K
  class space    used 1779K, capacity 1941K, committed 2048K, reserved 1048576K
Event: 75.520 GC heap after
Heap after GC invocations=5 (full 1):
 PSYoungGen      total 71680K, used 0K [0x00000000d5f80000, 0x00000000daa80000, 0x0000000100000000)
  eden space 66560K, 0% used [0x00000000d5f80000,0x00000000d5f80000,0x00000000da080000)
  from space 5120K, 0% used [0x00000000da580000,0x00000000da580000,0x00000000daa80000)
  to   space 5120K, 0% used [0x00000000da080000,0x00000000da080000,0x00000000da580000)
 ParOldGen       total 116224K, used 40757K [0x0000000081e00000, 0x0000000088f80000, 0x00000000d5f80000)
  object space 116224K, 35% used [0x0000000081e00000,0x00000000845cd7e0,0x0000000088f80000)
 Metaspace       used 13561K, capacity 14206K, committed 14336K, reserved 1060864K
  class space    used 1779K, capacity 1941K, committed 2048K, reserved 1048576K
}
Event: 76.565 GC heap before
{Heap before GC invocations=6 (full 1):
 PSYoungGen      total 71680K, used 65178K [0x00000000d5f80000, 0x00000000daa80000, 0x0000000100000000)
  eden space 66560K, 97% used [0x00000000d5f80000,0x00000000d9f269b0,0x00000000da080000)
  from space 5120K, 0% used [0x00000000da580000,0x00000000da580000,0x00000000daa80000)
  to   space 5120K, 0% used [0x00000000da080000,0x00000000da080000,0x00000000da580000)
 ParOldGen       total 116224K, used 40757K [0x0000000081e00000, 0x0000000088f80000, 0x00000000d5f80000)
  object space 116224K, 35% used [0x0000000081e00000,0x00000000845cd7e0,0x0000000088f80000)
 Metaspace       used 13656K, capacity 14270K, committed 14592K, reserved 1062912K
  class space    used 1779K, capacity 1941K, committed 2048K, reserved 1048576K
Event: 76.598 GC heap after
Heap after GC invocations=6 (full 1):
 PSYoungGen      total 71680K, used 4761K [0x00000000d5f80000, 0x00000000daa80000, 0x0000000100000000)
  eden space 66560K, 0% used [0x00000000d5f80000,0x00000000d5f80000,0x00000000da080000)
  from space 5120K, 93% used [0x00000000da080000,0x00000000da526720,0x00000000da580000)
  to   space 5120K, 0% used [0x00000000da580000,0x00000000da580000,0x00000000daa80000)
 ParOldGen       total 116224K, used 97888K [0x0000000081e00000, 0x0000000088f80000, 0x00000000d5f80000)
  object space 116224K, 84% used [0x0000000081e00000,0x0000000087d980f0,0x0000000088f80000)
 Metaspace       used 13656K, capacity 14270K, committed 14592K, reserved 1062912K
  class space    used 1779K, capacity 1941K, committed 2048K, reserved 1048576K
}
Event: 76.598 GC heap before
{Heap before GC invocations=7 (full 2):
 PSYoungGen      total 71680K, used 4761K [0x00000000d5f80000, 0x00000000daa80000, 0x0000000100000000)
  eden space 66560K, 0% used [0x00000000d5f80000,0x00000000d5f80000,0x00000000da080000)
  from space 5120K, 93% used [0x00000000da080000,0x00000000da526720,0x00000000da580000)
  to   space 5120K, 0% used [0x00000000da580000,0x00000000da580000,0x00000000daa80000)
 ParOldGen       total 116224K, used 97888K [0x0000000081e00000, 0x0000000088f80000, 0x00000000d5f80000)
  object space 116224K, 84% used [0x0000000081e00000,0x0000000087d980f0,0x0000000088f80000)
 Metaspace       used 13656K, capacity 14270K, committed 14592K, reserved 1062912K
  class space    used 1779K, capacity 1941K, committed 2048K, reserved 1048576K
Event: 76.637 GC heap after
Heap after GC invocations=7 (full 2):
 PSYoungGen      total 71680K, used 0K [0x00000000d5f80000, 0x00000000daa80000, 0x0000000100000000)
  eden space 66560K, 0% used [0x00000000d5f80000,0x00000000d5f80000,0x00000000da080000)
  from space 5120K, 0% used [0x00000000da080000,0x00000000da080000,0x00000000da580000)
  to   space 5120K, 0% used [0x00000000da580000,0x00000000da580000,0x00000000daa80000)
 ParOldGen       total 116224K, used 70479K [0x0000000081e00000, 0x0000000088f80000, 0x00000000d5f80000)
  object space 116224K, 60% used [0x0000000081e00000,0x00000000862d3c90,0x0000000088f80000)
 Metaspace       used 13656K, capacity 14270K, committed 14592K, reserved 1062912K
  class space    used 1779K, capacity 1941K, committed 2048K, reserved 1048576K
}
Event: 77.410 GC heap before
{Heap before GC invocations=8 (full 3):
 PSYoungGen      total 71680K, used 64434K [0x00000000d5f80000, 0x00000000daa80000, 0x0000000100000000)
  eden space 66560K, 96% used [0x00000000d5f80000,0x00000000d9e6c8a8,0x00000000da080000)
  from space 5120K, 0% used [0x00000000da080000,0x00000000da080000,0x00000000da580000)
  to   space 5120K, 0% used [0x00000000da580000,0x00000000da580000,0x00000000daa80000)
 ParOldGen       total 116224K, used 70479K [0x0000000081e00000, 0x0000000088f80000, 0x00000000d5f80000)
  object space 116224K, 60% used [0x0000000081e00000,0x00000000862d3c90,0x0000000088f80000)
 Metaspace       used 13710K, capacity 14334K, committed 14592K, reserved 1062912K
  class space    used 1779K, capacity 1941K, committed 2048K, reserved 1048576K
Event: 77.493 GC heap after
Heap after GC invocations=8 (full 3):
 PSYoungGen      total 71680K, used 0K [0x00000000d5f80000, 0x00000000daa80000, 0x0000000100000000)
  eden space 66560K, 0% used [0x00000000d5f80000,0x00000000d5f80000,0x00000000da080000)
  from space 5120K, 0% used [0x00000000da080000,0x00000000da080000,0x00000000da580000)
  to   space 5120K, 0% used [0x00000000da580000,0x00000000da580000,0x00000000daa80000)
 ParOldGen       total 116224K, used 70338K [0x0000000081e00000, 0x0000000088f80000, 0x00000000d5f80000)
  object space 116224K, 60% used [0x0000000081e00000,0x00000000862b0a10,0x0000000088f80000)
 Metaspace       used 13710K, capacity 14334K, committed 14592K, reserved 1062912K
  class space    used 1779K, capacity 1941K, committed 2048K, reserved 1048576K
}

